2025-05-31 15:23:32,933 Starting README watcher...
2025-05-31 15:23:58,952 Detected change in /home/thunda/FreelanceScripts/executioner/README.md. Running updater.
2025-05-31 15:23:59,013 Ran readme_updater_tool.py. Return code: 0
2025-05-31 15:23:59,013 STDOUT:
[INFO] Tool table updated in /home/thunda/FreelanceScripts/README.md

2025-05-31 15:24:01,014 Detected change in /home/thunda/FreelanceScripts/executioner/README.md. Running updater.
2025-05-31 15:24:01,086 Ran readme_updater_tool.py. Return code: 0
2025-05-31 15:24:01,087 STDOUT:
[INFO] Tool table updated in /home/thunda/FreelanceScripts/README.md

2025-05-31 19:35:31,638 Starting README watcher...
2025-05-31 19:36:37,662 Detected change in /home/thunda/FreelanceScripts/executioner/README.md. Running updater.
2025-05-31 19:36:37,799 Ran readme_updater_tool.py. Return code: 0
2025-05-31 19:36:37,799 STDOUT:
[INFO] Tool table updated in /home/thunda/FreelanceScripts/README.md

2025-05-31 19:36:41,801 Detected change in /home/thunda/FreelanceScripts/executioner/README.md. Running updater.
2025-05-31 19:36:41,870 Ran readme_updater_tool.py. Return code: 0
2025-05-31 19:36:41,870 STDOUT:
[INFO] Tool table updated in /home/thunda/FreelanceScripts/README.md

2025-05-31 19:36:43,871 Detected change in /home/thunda/FreelanceScripts/executioner/README.md. Running updater.
2025-05-31 19:36:43,936 Ran readme_updater_tool.py. Return code: 0
2025-05-31 19:36:43,936 STDOUT:
[INFO] Tool table updated in /home/thunda/FreelanceScripts/README.md

2025-05-31 19:36:45,937 Detected change in /home/thunda/FreelanceScripts/executioner/README.md. Running updater.
2025-05-31 19:36:46,005 Ran readme_updater_tool.py. Return code: 0
2025-05-31 19:36:46,005 STDOUT:
[INFO] Tool table updated in /home/thunda/FreelanceScripts/README.md

2025-05-31 19:37:34,046 Detected change in /home/thunda/FreelanceScripts/executioner/README.md. Running updater.
2025-05-31 19:37:34,205 Ran readme_updater_tool.py. Return code: 0
2025-05-31 19:37:34,206 STDOUT:
[INFO] Tool table updated in /home/thunda/FreelanceScripts/README.md

2025-05-31 19:37:38,207 Detected change in /home/thunda/FreelanceScripts/executioner/README.md. Running updater.
2025-05-31 19:37:38,339 Ran readme_updater_tool.py. Return code: 0
2025-05-31 19:37:38,339 STDOUT:
[INFO] Tool table updated in /home/thunda/FreelanceScripts/README.md

2025-05-31 19:38:10,348 Detected change in /home/thunda/FreelanceScripts/executioner/README.md. Running updater.
2025-05-31 19:38:10,464 Ran readme_updater_tool.py. Return code: 0
2025-05-31 19:38:10,464 STDOUT:
[INFO] Tool table updated in /home/thunda/FreelanceScripts/README.md

2025-05-31 19:38:12,465 Detected change in /home/thunda/FreelanceScripts/executioner/README.md. Running updater.
2025-05-31 19:38:12,647 Ran readme_updater_tool.py. Return code: 0
2025-05-31 19:38:12,647 STDOUT:
[INFO] Tool table updated in /home/thunda/FreelanceScripts/README.md

2025-05-31 19:38:24,651 Detected change in /home/thunda/FreelanceScripts/executioner/README.md. Running updater.
2025-05-31 19:38:24,734 Ran readme_updater_tool.py. Return code: 0
2025-05-31 19:38:24,734 STDOUT:
[INFO] Tool table updated in /home/thunda/FreelanceScripts/README.md

2025-05-31 19:38:28,736 Detected change in /home/thunda/FreelanceScripts/executioner/README.md. Running updater.
2025-05-31 19:38:28,849 Ran readme_updater_tool.py. Return code: 0
2025-05-31 19:38:28,849 STDOUT:
[INFO] Tool table updated in /home/thunda/FreelanceScripts/README.md

2025-05-31 20:25:05,337 Starting README watcher...
2025-05-31 22:41:14,238 Starting README watcher...
2025-05-31 22:44:40,375 Detected change in /home/thunda/FreelanceScripts/csv_json_converter/README.md. Running updater.
2025-05-31 22:44:40,524 Ran readme_updater_tool.py. Return code: 0
2025-05-31 22:44:40,524 STDOUT:
[INFO] Tool table updated in /home/thunda/FreelanceScripts/README.md

2025-05-31 22:45:55,915 Detected change in /home/thunda/FreelanceScripts/csv_json_converter/README.md. Running updater.
2025-05-31 22:45:56,033 Ran readme_updater_tool.py. Return code: 0
2025-05-31 22:45:56,033 STDOUT:
[INFO] Tool table updated in /home/thunda/FreelanceScripts/README.md

2025-06-04 09:05:31,810 Starting README watcher...
2025-06-04 09:36:55,093 Starting README watcher...
2025-06-04 09:56:57,579 Starting README watcher...
2025-06-04 10:10:54,173 Detected change in /home/thunda/FreelanceScripts/toolkit_runner/README.md. Running updater.
2025-06-04 10:10:54,687 Ran readme_updater_tool.py. Return code: 0
2025-06-04 10:10:54,701 STDOUT:
| Tool | Description | Link |
|------|-------------|------|
| 🧙‍♂️ CSV ⇄ JSON Converter Tool | A two-way data converter for CSV and JSON files. It contains functions to convert CSV files to JS... | [csv_json_converter/README.md](csv_json_converter/README.md) |
| 📰 README Updater | This script provides a modular framework for dynamically updating the main project README and too... | [readme_updater/README.md](readme_updater/README.md) |
| 🛠️ Tool Runner | A unifying script to run all tools in the FreelanceScripts project. This script provides a menu-b... | [toolkit_runner/README.md](toolkit_runner/README.md) |
| 🌐 Simple Web Scraper | A modular web scraper that fetches titles and links from one or more URLs (default: Hacker News). | [scraper/README.md](scraper/README.md) |
| 👀 Watch Automation Tool | A utility that automatically updates your main project README tool table whenever any tool's READ... | [watch_automation/README.md](watch_automation/README.md) |
| 🪓 Executioner Tool | This script automates making Python scripts executable and symlinking them into a `bin/` director... | [executioner/README.md](executioner/README.md) |
| 🧰 Package Toolkit | package_toolkit.py | [package_toolkit/README.md](package_toolkit/README.md) |
[INFO] Tool table updated in /home/thunda/FreelanceScripts/README.md

2025-06-04 10:11:28,765 Detected change in /home/thunda/FreelanceScripts/toolkit_runner/README.md. Running updater.
2025-06-04 10:11:28,889 Ran readme_updater_tool.py. Return code: 0
2025-06-04 10:11:28,890 STDOUT:
| Tool | Description | Link |
|------|-------------|------|
| 🧙‍♂️ CSV ⇄ JSON Converter Tool | A two-way data converter for CSV and JSON files. It contains functions to convert CSV files to JS... | [csv_json_converter/README.md](csv_json_converter/README.md) |
| 📰 README Updater | This script provides a modular framework for dynamically updating the main project README and too... | [readme_updater/README.md](readme_updater/README.md) |
| 🛠️ Tool Runner | No description. | [toolkit_runner/README.md](toolkit_runner/README.md) |
| 🌐 Simple Web Scraper | A modular web scraper that fetches titles and links from one or more URLs (default: Hacker News). | [scraper/README.md](scraper/README.md) |
| 👀 Watch Automation Tool | A utility that automatically updates your main project README tool table whenever any tool's READ... | [watch_automation/README.md](watch_automation/README.md) |
| 🪓 Executioner Tool | This script automates making Python scripts executable and symlinking them into a `bin/` director... | [executioner/README.md](executioner/README.md) |
| 🧰 Package Toolkit | package_toolkit.py | [package_toolkit/README.md](package_toolkit/README.md) |
[INFO] Tool table updated in /home/thunda/FreelanceScripts/README.md

2025-06-04 10:13:22,975 Detected change in /home/thunda/FreelanceScripts/csv_json_converter/README.md. Running updater.
2025-06-04 10:13:23,088 Ran readme_updater_tool.py. Return code: 0
2025-06-04 10:13:23,089 STDOUT:
| Tool | Description | Link |
|------|-------------|------|
| 🧙‍♂️ CSV ⇄ JSON Converter Tool | A two-way data converter for CSV and JSON files. It contains functions to convert CSV files to JS... | [csv_json_converter/README.md](csv_json_converter/README.md) |
| 📰 README Updater | This script provides a modular framework for dynamically updating the main project README and too... | [readme_updater/README.md](readme_updater/README.md) |
| 🛠️ Tool Runner | A unifying script to run all tools in the FreelanceScripts project. This script provides a menu-b... | [toolkit_runner/README.md](toolkit_runner/README.md) |
| 🌐 Simple Web Scraper | A modular web scraper that fetches titles and links from one or more URLs (default: Hacker News). | [scraper/README.md](scraper/README.md) |
| 👀 Watch Automation Tool | A utility that automatically updates your main project README tool table whenever any tool's READ... | [watch_automation/README.md](watch_automation/README.md) |
| 🪓 Executioner Tool | This script automates making Python scripts executable and symlinking them into a `bin/` director... | [executioner/README.md](executioner/README.md) |
| 🧰 Package Toolkit | package_toolkit.py | [package_toolkit/README.md](package_toolkit/README.md) |
[INFO] Tool table updated in /home/thunda/FreelanceScripts/README.md

2025-06-04 11:34:28,799 Detected change in /home/thunda/FreelanceScripts/csv_json_converter/README.md. Running updater.
2025-06-04 11:34:29,318 Ran readme_updater_tool.py. Return code: 0
2025-06-04 11:34:29,331 STDOUT:
| Tool | Description | Link |
|------|-------------|------|
| 🧙‍♂️ CSV ⇄ JSON Converter Tool | A two-way data converter for CSV and JSON files. It contains functions to convert CSV files to JS... | [csv_json_converter/README.md](csv_json_converter/README.md) |
| 📰 README Updater | This script provides a modular framework for dynamically updating the main project README and too... | [readme_updater/README.md](readme_updater/README.md) |
| 🛠️ Tool Runner | A unifying script to run all tools in the FreelanceScripts project. This script provides a menu-b... | [toolkit_runner/README.md](toolkit_runner/README.md) |
| 🌐 Simple Web Scraper | A modular web scraper that fetches titles and links from one or more URLs (default: Hacker News). | [scraper/README.md](scraper/README.md) |
| 👀 Watch Automation Tool | A utility that automatically updates your main project README tool table whenever any tool's READ... | [watch_automation/README.md](watch_automation/README.md) |
| tool_runner | No description. | [tool_runner/README.md](tool_runner/README.md) |
| 🪓 Executioner Tool | This script automates making Python scripts executable and symlinking them into a `bin/` director... | [executioner/README.md](executioner/README.md) |
| 🧰 Package Toolkit | package_toolkit.py | [package_toolkit/README.md](package_toolkit/README.md) |
[INFO] Tool table updated in /home/thunda/FreelanceScripts/README.md

2025-06-04 11:34:33,339 Detected change in /home/thunda/FreelanceScripts/csv_json_converter/README.md. Running updater.
2025-06-04 11:34:33,485 Ran readme_updater_tool.py. Return code: 0
2025-06-04 11:34:33,485 STDOUT:
| Tool | Description | Link |
|------|-------------|------|
| 🧙‍♂️ CSV ⇄ JSON Converter Tool | A two-way data converter for CSV and JSON files. It contains functions to convert CSV files to JS... | [csv_json_converter/README.md](csv_json_converter/README.md) |
| 📰 README Updater | This script provides a modular framework for dynamically updating the main project README and too... | [readme_updater/README.md](readme_updater/README.md) |
| 🛠️ Tool Runner | A unifying script to run all tools in the FreelanceScripts project. This script provides a menu-b... | [toolkit_runner/README.md](toolkit_runner/README.md) |
| 🌐 Simple Web Scraper | A modular web scraper that fetches titles and links from one or more URLs (default: Hacker News). | [scraper/README.md](scraper/README.md) |
| 👀 Watch Automation Tool | A utility that automatically updates your main project README tool table whenever any tool's READ... | [watch_automation/README.md](watch_automation/README.md) |
| tool_runner | No description. | [tool_runner/README.md](tool_runner/README.md) |
| 🪓 Executioner Tool | This script automates making Python scripts executable and symlinking them into a `bin/` director... | [executioner/README.md](executioner/README.md) |
| 🧰 Package Toolkit | package_toolkit.py | [package_toolkit/README.md](package_toolkit/README.md) |
[INFO] Tool table updated in /home/thunda/FreelanceScripts/README.md

2025-06-04 11:34:39,493 Detected change in /home/thunda/FreelanceScripts/csv_json_converter/README.md. Running updater.
2025-06-04 11:34:39,593 Ran readme_updater_tool.py. Return code: 0
2025-06-04 11:34:39,593 STDOUT:
| Tool | Description | Link |
|------|-------------|------|
| 🧙‍♂️ CSV ⇄ JSON Converter Tool | A two-way data converter for CSV and JSON files. It contains functions to convert CSV files to JS... | [csv_json_converter/README.md](csv_json_converter/README.md) |
| 📰 README Updater | This script provides a modular framework for dynamically updating the main project README and too... | [readme_updater/README.md](readme_updater/README.md) |
| 🛠️ Tool Runner | A unifying script to run all tools in the FreelanceScripts project. This script provides a menu-b... | [toolkit_runner/README.md](toolkit_runner/README.md) |
| 🌐 Simple Web Scraper | A modular web scraper that fetches titles and links from one or more URLs (default: Hacker News). | [scraper/README.md](scraper/README.md) |
| 👀 Watch Automation Tool | A utility that automatically updates your main project README tool table whenever any tool's READ... | [watch_automation/README.md](watch_automation/README.md) |
| tool_runner | No description. | [tool_runner/README.md](tool_runner/README.md) |
| 🪓 Executioner Tool | This script automates making Python scripts executable and symlinking them into a `bin/` director... | [executioner/README.md](executioner/README.md) |
| 🧰 Package Toolkit | package_toolkit.py | [package_toolkit/README.md](package_toolkit/README.md) |
[INFO] Tool table updated in /home/thunda/FreelanceScripts/README.md

2025-06-04 11:34:41,598 Detected change in /home/thunda/FreelanceScripts/csv_json_converter/README.md. Running updater.
2025-06-04 11:34:41,743 Ran readme_updater_tool.py. Return code: 0
2025-06-04 11:34:41,743 STDOUT:
| Tool | Description | Link |
|------|-------------|------|
| 🧙‍♂️ CSV ⇄ JSON Converter Tool | A two-way data converter for CSV and JSON files. It contains functions to convert CSV files to JS... | [csv_json_converter/README.md](csv_json_converter/README.md) |
| 📰 README Updater | This script provides a modular framework for dynamically updating the main project README and too... | [readme_updater/README.md](readme_updater/README.md) |
| 🛠️ Tool Runner | A unifying script to run all tools in the FreelanceScripts project. This script provides a menu-b... | [toolkit_runner/README.md](toolkit_runner/README.md) |
| 🌐 Simple Web Scraper | A modular web scraper that fetches titles and links from one or more URLs (default: Hacker News). | [scraper/README.md](scraper/README.md) |
| 👀 Watch Automation Tool | A utility that automatically updates your main project README tool table whenever any tool's READ... | [watch_automation/README.md](watch_automation/README.md) |
| tool_runner | No description. | [tool_runner/README.md](tool_runner/README.md) |
| 🪓 Executioner Tool | This script automates making Python scripts executable and symlinking them into a `bin/` director... | [executioner/README.md](executioner/README.md) |
| 🧰 Package Toolkit | package_toolkit.py | [package_toolkit/README.md](package_toolkit/README.md) |
[INFO] Tool table updated in /home/thunda/FreelanceScripts/README.md

2025-06-04 11:35:06,993 Detected change in /home/thunda/FreelanceScripts/executioner/README.md. Running updater.
2025-06-04 11:35:07,197 Ran readme_updater_tool.py. Return code: 0
2025-06-04 11:35:07,198 STDOUT:
| Tool | Description | Link |
|------|-------------|------|
| 🧙‍♂️ CSV ⇄ JSON Converter Tool | A two-way data converter for CSV and JSON files. It contains functions to convert CSV files to JS... | [csv_json_converter/README.md](csv_json_converter/README.md) |
| 📰 README Updater | This script provides a modular framework for dynamically updating the main project README and too... | [readme_updater/README.md](readme_updater/README.md) |
| 🛠️ Tool Runner | A unifying script to run all tools in the FreelanceScripts project. This script provides a menu-b... | [toolkit_runner/README.md](toolkit_runner/README.md) |
| 🌐 Simple Web Scraper | A modular web scraper that fetches titles and links from one or more URLs (default: Hacker News). | [scraper/README.md](scraper/README.md) |
| 👀 Watch Automation Tool | A utility that automatically updates your main project README tool table whenever any tool's READ... | [watch_automation/README.md](watch_automation/README.md) |
| tool_runner | No description. | [tool_runner/README.md](tool_runner/README.md) |
| 🪓 Executioner Tool | This script automates making Python scripts executable and symlinking them into a `bin/` director... | [executioner/README.md](executioner/README.md) |
| 🧰 Package Toolkit | package_toolkit.py | [package_toolkit/README.md](package_toolkit/README.md) |
[INFO] Tool table updated in /home/thunda/FreelanceScripts/README.md

2025-06-04 11:35:11,201 Detected change in /home/thunda/FreelanceScripts/executioner/README.md. Running updater.
2025-06-04 11:35:11,321 Ran readme_updater_tool.py. Return code: 0
2025-06-04 11:35:11,322 STDOUT:
| Tool | Description | Link |
|------|-------------|------|
| 🧙‍♂️ CSV ⇄ JSON Converter Tool | A two-way data converter for CSV and JSON files. It contains functions to convert CSV files to JS... | [csv_json_converter/README.md](csv_json_converter/README.md) |
| 📰 README Updater | This script provides a modular framework for dynamically updating the main project README and too... | [readme_updater/README.md](readme_updater/README.md) |
| 🛠️ Tool Runner | A unifying script to run all tools in the FreelanceScripts project. This script provides a menu-b... | [toolkit_runner/README.md](toolkit_runner/README.md) |
| 🌐 Simple Web Scraper | A modular web scraper that fetches titles and links from one or more URLs (default: Hacker News). | [scraper/README.md](scraper/README.md) |
| 👀 Watch Automation Tool | A utility that automatically updates your main project README tool table whenever any tool's READ... | [watch_automation/README.md](watch_automation/README.md) |
| tool_runner | No description. | [tool_runner/README.md](tool_runner/README.md) |
| 🪓 Executioner Tool | This script automates making Python scripts executable and symlinking them into a `bin/` director... | [executioner/README.md](executioner/README.md) |
| 🧰 Package Toolkit | package_toolkit.py | [package_toolkit/README.md](package_toolkit/README.md) |
[INFO] Tool table updated in /home/thunda/FreelanceScripts/README.md

2025-06-04 11:35:15,326 Detected change in /home/thunda/FreelanceScripts/executioner/README.md. Running updater.
2025-06-04 11:35:15,433 Ran readme_updater_tool.py. Return code: 0
2025-06-04 11:35:15,434 STDOUT:
| Tool | Description | Link |
|------|-------------|------|
| 🧙‍♂️ CSV ⇄ JSON Converter Tool | A two-way data converter for CSV and JSON files. It contains functions to convert CSV files to JS... | [csv_json_converter/README.md](csv_json_converter/README.md) |
| 📰 README Updater | This script provides a modular framework for dynamically updating the main project README and too... | [readme_updater/README.md](readme_updater/README.md) |
| 🛠️ Tool Runner | A unifying script to run all tools in the FreelanceScripts project. This script provides a menu-b... | [toolkit_runner/README.md](toolkit_runner/README.md) |
| 🌐 Simple Web Scraper | A modular web scraper that fetches titles and links from one or more URLs (default: Hacker News). | [scraper/README.md](scraper/README.md) |
| 👀 Watch Automation Tool | A utility that automatically updates your main project README tool table whenever any tool's READ... | [watch_automation/README.md](watch_automation/README.md) |
| tool_runner | No description. | [tool_runner/README.md](tool_runner/README.md) |
| 🪓 Executioner Tool | This script automates making Python scripts executable and symlinking them into a `bin/` director... | [executioner/README.md](executioner/README.md) |
| 🧰 Package Toolkit | package_toolkit.py | [package_toolkit/README.md](package_toolkit/README.md) |
[INFO] Tool table updated in /home/thunda/FreelanceScripts/README.md

2025-06-04 11:35:16,637 Detected change in /home/thunda/FreelanceScripts/executioner/README.md. Running updater.
2025-06-04 11:35:16,746 Ran readme_updater_tool.py. Return code: 0
2025-06-04 11:35:16,747 STDOUT:
| Tool | Description | Link |
|------|-------------|------|
| 🧙‍♂️ CSV ⇄ JSON Converter Tool | A two-way data converter for CSV and JSON files. It contains functions to convert CSV files to JS... | [csv_json_converter/README.md](csv_json_converter/README.md) |
| 📰 README Updater | This script provides a modular framework for dynamically updating the main project README and too... | [readme_updater/README.md](readme_updater/README.md) |
| 🛠️ Tool Runner | A unifying script to run all tools in the FreelanceScripts project. This script provides a menu-b... | [toolkit_runner/README.md](toolkit_runner/README.md) |
| 🌐 Simple Web Scraper | A modular web scraper that fetches titles and links from one or more URLs (default: Hacker News). | [scraper/README.md](scraper/README.md) |
| 👀 Watch Automation Tool | A utility that automatically updates your main project README tool table whenever any tool's READ... | [watch_automation/README.md](watch_automation/README.md) |
| tool_runner | No description. | [tool_runner/README.md](tool_runner/README.md) |
| 🪓 Executioner Tool | This script automates making Python scripts executable and symlinking them into a `bin/` director... | [executioner/README.md](executioner/README.md) |
| 🧰 Package Toolkit | package_toolkit.py | [package_toolkit/README.md](package_toolkit/README.md) |
[INFO] Tool table updated in /home/thunda/FreelanceScripts/README.md

2025-06-04 11:35:22,754 Detected change in /home/thunda/FreelanceScripts/executioner/README.md. Running updater.
2025-06-04 11:35:22,905 Ran readme_updater_tool.py. Return code: 0
2025-06-04 11:35:22,906 STDOUT:
| Tool | Description | Link |
|------|-------------|------|
| 🧙‍♂️ CSV ⇄ JSON Converter Tool | A two-way data converter for CSV and JSON files. It contains functions to convert CSV files to JS... | [csv_json_converter/README.md](csv_json_converter/README.md) |
| 📰 README Updater | This script provides a modular framework for dynamically updating the main project README and too... | [readme_updater/README.md](readme_updater/README.md) |
| 🛠️ Tool Runner | A unifying script to run all tools in the FreelanceScripts project. This script provides a menu-b... | [toolkit_runner/README.md](toolkit_runner/README.md) |
| 🌐 Simple Web Scraper | A modular web scraper that fetches titles and links from one or more URLs (default: Hacker News). | [scraper/README.md](scraper/README.md) |
| 👀 Watch Automation Tool | A utility that automatically updates your main project README tool table whenever any tool's READ... | [watch_automation/README.md](watch_automation/README.md) |
| tool_runner | No description. | [tool_runner/README.md](tool_runner/README.md) |
| 🪓 Executioner Tool | This script automates making Python scripts executable and symlinking them into a `bin/` director... | [executioner/README.md](executioner/README.md) |
| 🧰 Package Toolkit | package_toolkit.py | [package_toolkit/README.md](package_toolkit/README.md) |
[INFO] Tool table updated in /home/thunda/FreelanceScripts/README.md

2025-06-04 11:35:38,916 Detected change in /home/thunda/FreelanceScripts/package_toolkit/README.md. Running updater.
2025-06-04 11:35:39,370 Ran readme_updater_tool.py. Return code: 0
2025-06-04 11:35:39,370 STDOUT:
| Tool | Description | Link |
|------|-------------|------|
| 🧙‍♂️ CSV ⇄ JSON Converter Tool | A two-way data converter for CSV and JSON files. It contains functions to convert CSV files to JS... | [csv_json_converter/README.md](csv_json_converter/README.md) |
| 📰 README Updater | This script provides a modular framework for dynamically updating the main project README and too... | [readme_updater/README.md](readme_updater/README.md) |
| 🛠️ Tool Runner | A unifying script to run all tools in the FreelanceScripts project. This script provides a menu-b... | [toolkit_runner/README.md](toolkit_runner/README.md) |
| 🌐 Simple Web Scraper | A modular web scraper that fetches titles and links from one or more URLs (default: Hacker News). | [scraper/README.md](scraper/README.md) |
| 👀 Watch Automation Tool | A utility that automatically updates your main project README tool table whenever any tool's READ... | [watch_automation/README.md](watch_automation/README.md) |
| tool_runner | No description. | [tool_runner/README.md](tool_runner/README.md) |
| 🪓 Executioner Tool | This script automates making Python scripts executable and symlinking them into a `bin/` director... | [executioner/README.md](executioner/README.md) |
| 🧰 Package Toolkit | package_toolkit.py | [package_toolkit/README.md](package_toolkit/README.md) |
[INFO] Tool table updated in /home/thunda/FreelanceScripts/README.md

2025-06-04 11:35:43,373 Detected change in /home/thunda/FreelanceScripts/package_toolkit/README.md. Running updater.
2025-06-04 11:35:43,644 Ran readme_updater_tool.py. Return code: 0
2025-06-04 11:35:43,644 STDOUT:
| Tool | Description | Link |
|------|-------------|------|
| 🧙‍♂️ CSV ⇄ JSON Converter Tool | A two-way data converter for CSV and JSON files. It contains functions to convert CSV files to JS... | [csv_json_converter/README.md](csv_json_converter/README.md) |
| 📰 README Updater | This script provides a modular framework for dynamically updating the main project README and too... | [readme_updater/README.md](readme_updater/README.md) |
| 🛠️ Tool Runner | A unifying script to run all tools in the FreelanceScripts project. This script provides a menu-b... | [toolkit_runner/README.md](toolkit_runner/README.md) |
| 🌐 Simple Web Scraper | A modular web scraper that fetches titles and links from one or more URLs (default: Hacker News). | [scraper/README.md](scraper/README.md) |
| 👀 Watch Automation Tool | A utility that automatically updates your main project README tool table whenever any tool's READ... | [watch_automation/README.md](watch_automation/README.md) |
| tool_runner | No description. | [tool_runner/README.md](tool_runner/README.md) |
| 🪓 Executioner Tool | This script automates making Python scripts executable and symlinking them into a `bin/` director... | [executioner/README.md](executioner/README.md) |
| 🧰 Package Toolkit | package_toolkit.py | [package_toolkit/README.md](package_toolkit/README.md) |
[INFO] Tool table updated in /home/thunda/FreelanceScripts/README.md

2025-06-04 11:38:24,035 Detected change in /home/thunda/FreelanceScripts/scraper/README.md. Running updater.
2025-06-04 11:38:24,569 Ran readme_updater_tool.py. Return code: 0
2025-06-04 11:38:24,572 STDOUT:
[INFO] Tool table updated in /home/thunda/FreelanceScripts/README.md

2025-06-04 11:39:13,088 Detected change in /home/thunda/FreelanceScripts/scraper/README.md. Running updater.
2025-06-04 11:39:13,410 Ran readme_updater_tool.py. Return code: 0
2025-06-04 11:39:13,411 STDOUT:
[INFO] Tool table updated in /home/thunda/FreelanceScripts/README.md

2025-06-04 11:39:25,427 Detected change in /home/thunda/FreelanceScripts/scraper/README.md. Running updater.
2025-06-04 11:39:25,615 Ran readme_updater_tool.py. Return code: 0
2025-06-04 11:39:25,616 STDOUT:
[INFO] Tool table updated in /home/thunda/FreelanceScripts/README.md

2025-06-04 11:39:28,820 Detected change in /home/thunda/FreelanceScripts/scraper/README.md. Running updater.
2025-06-04 11:39:29,039 Ran readme_updater_tool.py. Return code: 0
2025-06-04 11:39:29,040 STDOUT:
[INFO] Tool table updated in /home/thunda/FreelanceScripts/README.md

2025-06-04 11:39:35,045 Detected change in /home/thunda/FreelanceScripts/scraper/README.md. Running updater.
2025-06-04 11:39:35,223 Ran readme_updater_tool.py. Return code: 0
2025-06-04 11:39:35,224 STDOUT:
[INFO] Tool table updated in /home/thunda/FreelanceScripts/README.md

2025-06-04 11:39:39,228 Detected change in /home/thunda/FreelanceScripts/scraper/README.md. Running updater.
2025-06-04 11:39:39,410 Ran readme_updater_tool.py. Return code: 0
2025-06-04 11:39:39,411 STDOUT:
[INFO] Tool table updated in /home/thunda/FreelanceScripts/README.md

2025-06-04 11:39:45,418 Detected change in /home/thunda/FreelanceScripts/scraper/README.md. Running updater.
2025-06-04 11:39:45,560 Ran readme_updater_tool.py. Return code: 0
2025-06-04 11:39:45,560 STDOUT:
[INFO] Tool table updated in /home/thunda/FreelanceScripts/README.md

2025-06-04 11:39:47,561 Detected change in /home/thunda/FreelanceScripts/scraper/README.md. Running updater.
2025-06-04 11:39:47,732 Ran readme_updater_tool.py. Return code: 0
2025-06-04 11:39:47,732 STDOUT:
[INFO] Tool table updated in /home/thunda/FreelanceScripts/README.md

2025-06-04 11:40:24,975 Detected change in /home/thunda/FreelanceScripts/scraper/README.md. Running updater.
2025-06-04 11:40:25,347 Ran readme_updater_tool.py. Return code: 0
2025-06-04 11:40:25,347 STDOUT:
[INFO] Tool table updated in /home/thunda/FreelanceScripts/README.md

2025-06-04 11:40:29,352 Detected change in /home/thunda/FreelanceScripts/scraper/README.md. Running updater.
2025-06-04 11:40:29,535 Ran readme_updater_tool.py. Return code: 0
2025-06-04 11:40:29,535 STDOUT:
[INFO] Tool table updated in /home/thunda/FreelanceScripts/README.md

2025-06-04 11:40:32,705 Detected change in /home/thunda/FreelanceScripts/scraper/README.md. Running updater.
2025-06-04 11:40:32,964 Ran readme_updater_tool.py. Return code: 0
2025-06-04 11:40:32,965 STDOUT:
[INFO] Tool table updated in /home/thunda/FreelanceScripts/README.md

2025-06-04 11:40:46,983 Detected change in /home/thunda/FreelanceScripts/scraper/README.md. Running updater.
2025-06-04 11:40:47,127 Ran readme_updater_tool.py. Return code: 0
2025-06-04 11:40:47,127 STDOUT:
[INFO] Tool table updated in /home/thunda/FreelanceScripts/README.md

2025-06-04 11:40:49,128 Detected change in /home/thunda/FreelanceScripts/scraper/README.md. Running updater.
2025-06-04 11:40:49,236 Ran readme_updater_tool.py. Return code: 0
2025-06-04 11:40:49,237 STDOUT:
[INFO] Tool table updated in /home/thunda/FreelanceScripts/README.md

2025-06-04 11:40:51,238 Detected change in /home/thunda/FreelanceScripts/scraper/README.md. Running updater.
2025-06-04 11:40:51,405 Ran readme_updater_tool.py. Return code: 0
2025-06-04 11:40:51,406 STDOUT:
[INFO] Tool table updated in /home/thunda/FreelanceScripts/README.md

